-------------------------------------------------------------------------------
Test set: com.example.testing_exercise.RunCucumberTest
-------------------------------------------------------------------------------
Tests run: 24, Failures: 0, Errors: 24, Skipped: 0, Time elapsed: 1.768 sec <<< FAILURE!
User goes to cartaxcheck.co.uk to check car details #1(Checking car details)  Time elapsed: 0.225 sec  <<< ERROR!
java.io.FileNotFoundException: input\*.txt (The filename, directory name, or volume label syntax is incorrect)
	at java.base/java.io.FileInputStream.open0(Native Method)
	at java.base/java.io.FileInputStream.open(FileInputStream.java:211)
	at java.base/java.io.FileInputStream.<init>(FileInputStream.java:153)
	at java.base/java.io.FileInputStream.<init>(FileInputStream.java:108)
	at java.base/java.io.FileReader.<init>(FileReader.java:60)
	at com.example.testing_exercise.StepDefinitions.readFile(StepDefinitions.java:51)
	at com.example.testing_exercise.StepDefinitions.setUpAll(StepDefinitions.java:34)

User goes to cartaxcheck.co.uk to check car details #2(Checking car details)  Time elapsed: 0.012 sec  <<< ERROR!
java.io.FileNotFoundException: input\*.txt (The filename, directory name, or volume label syntax is incorrect)
	at java.base/java.io.FileInputStream.open0(Native Method)
	at java.base/java.io.FileInputStream.open(FileInputStream.java:211)
	at java.base/java.io.FileInputStream.<init>(FileInputStream.java:153)
	at java.base/java.io.FileInputStream.<init>(FileInputStream.java:108)
	at java.base/java.io.FileReader.<init>(FileReader.java:60)
	at com.example.testing_exercise.StepDefinitions.readFile(StepDefinitions.java:51)
	at com.example.testing_exercise.StepDefinitions.setUpAll(StepDefinitions.java:34)

User goes to cartaxcheck.co.uk to check car details #3(Checking car details)  Time elapsed: 0.014 sec  <<< ERROR!
java.io.FileNotFoundException: input\*.txt (The filename, directory name, or volume label syntax is incorrect)
	at java.base/java.io.FileInputStream.open0(Native Method)
	at java.base/java.io.FileInputStream.open(FileInputStream.java:211)
	at java.base/java.io.FileInputStream.<init>(FileInputStream.java:153)
	at java.base/java.io.FileInputStream.<init>(FileInputStream.java:108)
	at java.base/java.io.FileReader.<init>(FileReader.java:60)
	at com.example.testing_exercise.StepDefinitions.readFile(StepDefinitions.java:51)
	at com.example.testing_exercise.StepDefinitions.setUpAll(StepDefinitions.java:34)

User goes to cartaxcheck.co.uk to check car details #4(Checking car details)  Time elapsed: 0.01 sec  <<< ERROR!
java.io.FileNotFoundException: input\*.txt (The filename, directory name, or volume label syntax is incorrect)
	at java.base/java.io.FileInputStream.open0(Native Method)
	at java.base/java.io.FileInputStream.open(FileInputStream.java:211)
	at java.base/java.io.FileInputStream.<init>(FileInputStream.java:153)
	at java.base/java.io.FileInputStream.<init>(FileInputStream.java:108)
	at java.base/java.io.FileReader.<init>(FileReader.java:60)
	at com.example.testing_exercise.StepDefinitions.readFile(StepDefinitions.java:51)
	at com.example.testing_exercise.StepDefinitions.setUpAll(StepDefinitions.java:34)

User checks car details against existing list #1(Checking car details)  Time elapsed: 0.006 sec  <<< ERROR!
java.io.FileNotFoundException: input\*.txt (The filename, directory name, or volume label syntax is incorrect)
	at java.base/java.io.FileInputStream.open0(Native Method)
	at java.base/java.io.FileInputStream.open(FileInputStream.java:211)
	at java.base/java.io.FileInputStream.<init>(FileInputStream.java:153)
	at java.base/java.io.FileInputStream.<init>(FileInputStream.java:108)
	at java.base/java.io.FileReader.<init>(FileReader.java:60)
	at com.example.testing_exercise.StepDefinitions.readFile(StepDefinitions.java:51)
	at com.example.testing_exercise.StepDefinitions.setUpAll(StepDefinitions.java:34)

User checks car details against existing list #2(Checking car details)  Time elapsed: 0.013 sec  <<< ERROR!
java.io.FileNotFoundException: input\*.txt (The filename, directory name, or volume label syntax is incorrect)
	at java.base/java.io.FileInputStream.open0(Native Method)
	at java.base/java.io.FileInputStream.open(FileInputStream.java:211)
	at java.base/java.io.FileInputStream.<init>(FileInputStream.java:153)
	at java.base/java.io.FileInputStream.<init>(FileInputStream.java:108)
	at java.base/java.io.FileReader.<init>(FileReader.java:60)
	at com.example.testing_exercise.StepDefinitions.readFile(StepDefinitions.java:51)
	at com.example.testing_exercise.StepDefinitions.setUpAll(StepDefinitions.java:34)

User checks car details against existing list #3(Checking car details)  Time elapsed: 0.005 sec  <<< ERROR!
java.io.FileNotFoundException: input\*.txt (The filename, directory name, or volume label syntax is incorrect)
	at java.base/java.io.FileInputStream.open0(Native Method)
	at java.base/java.io.FileInputStream.open(FileInputStream.java:211)
	at java.base/java.io.FileInputStream.<init>(FileInputStream.java:153)
	at java.base/java.io.FileInputStream.<init>(FileInputStream.java:108)
	at java.base/java.io.FileReader.<init>(FileReader.java:60)
	at com.example.testing_exercise.StepDefinitions.readFile(StepDefinitions.java:51)
	at com.example.testing_exercise.StepDefinitions.setUpAll(StepDefinitions.java:34)

User checks car details against existing list #4(Checking car details)  Time elapsed: 0.011 sec  <<< ERROR!
java.io.FileNotFoundException: input\*.txt (The filename, directory name, or volume label syntax is incorrect)
	at java.base/java.io.FileInputStream.open0(Native Method)
	at java.base/java.io.FileInputStream.open(FileInputStream.java:211)
	at java.base/java.io.FileInputStream.<init>(FileInputStream.java:153)
	at java.base/java.io.FileInputStream.<init>(FileInputStream.java:108)
	at java.base/java.io.FileReader.<init>(FileReader.java:60)
	at com.example.testing_exercise.StepDefinitions.readFile(StepDefinitions.java:51)
	at com.example.testing_exercise.StepDefinitions.setUpAll(StepDefinitions.java:34)

User checks car details against existing list #5(Checking car details)  Time elapsed: 0.017 sec  <<< ERROR!
java.io.FileNotFoundException: input\*.txt (The filename, directory name, or volume label syntax is incorrect)
	at java.base/java.io.FileInputStream.open0(Native Method)
	at java.base/java.io.FileInputStream.open(FileInputStream.java:211)
	at java.base/java.io.FileInputStream.<init>(FileInputStream.java:153)
	at java.base/java.io.FileInputStream.<init>(FileInputStream.java:108)
	at java.base/java.io.FileReader.<init>(FileReader.java:60)
	at com.example.testing_exercise.StepDefinitions.readFile(StepDefinitions.java:51)
	at com.example.testing_exercise.StepDefinitions.setUpAll(StepDefinitions.java:34)

User checks car details against existing list #6(Checking car details)  Time elapsed: 0.005 sec  <<< ERROR!
java.io.FileNotFoundException: input\*.txt (The filename, directory name, or volume label syntax is incorrect)
	at java.base/java.io.FileInputStream.open0(Native Method)
	at java.base/java.io.FileInputStream.open(FileInputStream.java:211)
	at java.base/java.io.FileInputStream.<init>(FileInputStream.java:153)
	at java.base/java.io.FileInputStream.<init>(FileInputStream.java:108)
	at java.base/java.io.FileReader.<init>(FileReader.java:60)
	at com.example.testing_exercise.StepDefinitions.readFile(StepDefinitions.java:51)
	at com.example.testing_exercise.StepDefinitions.setUpAll(StepDefinitions.java:34)

User checks car details against existing list #7(Checking car details)  Time elapsed: 0.007 sec  <<< ERROR!
java.io.FileNotFoundException: input\*.txt (The filename, directory name, or volume label syntax is incorrect)
	at java.base/java.io.FileInputStream.open0(Native Method)
	at java.base/java.io.FileInputStream.open(FileInputStream.java:211)
	at java.base/java.io.FileInputStream.<init>(FileInputStream.java:153)
	at java.base/java.io.FileInputStream.<init>(FileInputStream.java:108)
	at java.base/java.io.FileReader.<init>(FileReader.java:60)
	at com.example.testing_exercise.StepDefinitions.readFile(StepDefinitions.java:51)
	at com.example.testing_exercise.StepDefinitions.setUpAll(StepDefinitions.java:34)

User checks car details against existing list #8(Checking car details)  Time elapsed: 0.004 sec  <<< ERROR!
java.io.FileNotFoundException: input\*.txt (The filename, directory name, or volume label syntax is incorrect)
	at java.base/java.io.FileInputStream.open0(Native Method)
	at java.base/java.io.FileInputStream.open(FileInputStream.java:211)
	at java.base/java.io.FileInputStream.<init>(FileInputStream.java:153)
	at java.base/java.io.FileInputStream.<init>(FileInputStream.java:108)
	at java.base/java.io.FileReader.<init>(FileReader.java:60)
	at com.example.testing_exercise.StepDefinitions.readFile(StepDefinitions.java:51)
	at com.example.testing_exercise.StepDefinitions.setUpAll(StepDefinitions.java:34)

User checks car details against existing list #9(Checking car details)  Time elapsed: 0.01 sec  <<< ERROR!
java.io.FileNotFoundException: input\*.txt (The filename, directory name, or volume label syntax is incorrect)
	at java.base/java.io.FileInputStream.open0(Native Method)
	at java.base/java.io.FileInputStream.open(FileInputStream.java:211)
	at java.base/java.io.FileInputStream.<init>(FileInputStream.java:153)
	at java.base/java.io.FileInputStream.<init>(FileInputStream.java:108)
	at java.base/java.io.FileReader.<init>(FileReader.java:60)
	at com.example.testing_exercise.StepDefinitions.readFile(StepDefinitions.java:51)
	at com.example.testing_exercise.StepDefinitions.setUpAll(StepDefinitions.java:34)

User checks car details against existing list #10(Checking car details)  Time elapsed: 0.007 sec  <<< ERROR!
java.io.FileNotFoundException: input\*.txt (The filename, directory name, or volume label syntax is incorrect)
	at java.base/java.io.FileInputStream.open0(Native Method)
	at java.base/java.io.FileInputStream.open(FileInputStream.java:211)
	at java.base/java.io.FileInputStream.<init>(FileInputStream.java:153)
	at java.base/java.io.FileInputStream.<init>(FileInputStream.java:108)
	at java.base/java.io.FileReader.<init>(FileReader.java:60)
	at com.example.testing_exercise.StepDefinitions.readFile(StepDefinitions.java:51)
	at com.example.testing_exercise.StepDefinitions.setUpAll(StepDefinitions.java:34)

User checks car details against existing list #11(Checking car details)  Time elapsed: 0.003 sec  <<< ERROR!
java.io.FileNotFoundException: input\*.txt (The filename, directory name, or volume label syntax is incorrect)
	at java.base/java.io.FileInputStream.open0(Native Method)
	at java.base/java.io.FileInputStream.open(FileInputStream.java:211)
	at java.base/java.io.FileInputStream.<init>(FileInputStream.java:153)
	at java.base/java.io.FileInputStream.<init>(FileInputStream.java:108)
	at java.base/java.io.FileReader.<init>(FileReader.java:60)
	at com.example.testing_exercise.StepDefinitions.readFile(StepDefinitions.java:51)
	at com.example.testing_exercise.StepDefinitions.setUpAll(StepDefinitions.java:34)

User checks car details against existing list #12(Checking car details)  Time elapsed: 0.014 sec  <<< ERROR!
java.io.FileNotFoundException: input\*.txt (The filename, directory name, or volume label syntax is incorrect)
	at java.base/java.io.FileInputStream.open0(Native Method)
	at java.base/java.io.FileInputStream.open(FileInputStream.java:211)
	at java.base/java.io.FileInputStream.<init>(FileInputStream.java:153)
	at java.base/java.io.FileInputStream.<init>(FileInputStream.java:108)
	at java.base/java.io.FileReader.<init>(FileReader.java:60)
	at com.example.testing_exercise.StepDefinitions.readFile(StepDefinitions.java:51)
	at com.example.testing_exercise.StepDefinitions.setUpAll(StepDefinitions.java:34)

User checks car details against existing list #13(Checking car details)  Time elapsed: 0.003 sec  <<< ERROR!
java.io.FileNotFoundException: input\*.txt (The filename, directory name, or volume label syntax is incorrect)
	at java.base/java.io.FileInputStream.open0(Native Method)
	at java.base/java.io.FileInputStream.open(FileInputStream.java:211)
	at java.base/java.io.FileInputStream.<init>(FileInputStream.java:153)
	at java.base/java.io.FileInputStream.<init>(FileInputStream.java:108)
	at java.base/java.io.FileReader.<init>(FileReader.java:60)
	at com.example.testing_exercise.StepDefinitions.readFile(StepDefinitions.java:51)
	at com.example.testing_exercise.StepDefinitions.setUpAll(StepDefinitions.java:34)

User checks car details against existing list #14(Checking car details)  Time elapsed: 0.006 sec  <<< ERROR!
java.io.FileNotFoundException: input\*.txt (The filename, directory name, or volume label syntax is incorrect)
	at java.base/java.io.FileInputStream.open0(Native Method)
	at java.base/java.io.FileInputStream.open(FileInputStream.java:211)
	at java.base/java.io.FileInputStream.<init>(FileInputStream.java:153)
	at java.base/java.io.FileInputStream.<init>(FileInputStream.java:108)
	at java.base/java.io.FileReader.<init>(FileReader.java:60)
	at com.example.testing_exercise.StepDefinitions.readFile(StepDefinitions.java:51)
	at com.example.testing_exercise.StepDefinitions.setUpAll(StepDefinitions.java:34)

User checks car details against existing list #15(Checking car details)  Time elapsed: 0.005 sec  <<< ERROR!
java.io.FileNotFoundException: input\*.txt (The filename, directory name, or volume label syntax is incorrect)
	at java.base/java.io.FileInputStream.open0(Native Method)
	at java.base/java.io.FileInputStream.open(FileInputStream.java:211)
	at java.base/java.io.FileInputStream.<init>(FileInputStream.java:153)
	at java.base/java.io.FileInputStream.<init>(FileInputStream.java:108)
	at java.base/java.io.FileReader.<init>(FileReader.java:60)
	at com.example.testing_exercise.StepDefinitions.readFile(StepDefinitions.java:51)
	at com.example.testing_exercise.StepDefinitions.setUpAll(StepDefinitions.java:34)

User checks car details against existing list #16(Checking car details)  Time elapsed: 0.01 sec  <<< ERROR!
java.io.FileNotFoundException: input\*.txt (The filename, directory name, or volume label syntax is incorrect)
	at java.base/java.io.FileInputStream.open0(Native Method)
	at java.base/java.io.FileInputStream.open(FileInputStream.java:211)
	at java.base/java.io.FileInputStream.<init>(FileInputStream.java:153)
	at java.base/java.io.FileInputStream.<init>(FileInputStream.java:108)
	at java.base/java.io.FileReader.<init>(FileReader.java:60)
	at com.example.testing_exercise.StepDefinitions.readFile(StepDefinitions.java:51)
	at com.example.testing_exercise.StepDefinitions.setUpAll(StepDefinitions.java:34)

User checks car details against existing list #17(Checking car details)  Time elapsed: 0.004 sec  <<< ERROR!
java.io.FileNotFoundException: input\*.txt (The filename, directory name, or volume label syntax is incorrect)
	at java.base/java.io.FileInputStream.open0(Native Method)
	at java.base/java.io.FileInputStream.open(FileInputStream.java:211)
	at java.base/java.io.FileInputStream.<init>(FileInputStream.java:153)
	at java.base/java.io.FileInputStream.<init>(FileInputStream.java:108)
	at java.base/java.io.FileReader.<init>(FileReader.java:60)
	at com.example.testing_exercise.StepDefinitions.readFile(StepDefinitions.java:51)
	at com.example.testing_exercise.StepDefinitions.setUpAll(StepDefinitions.java:34)

User checks car details against existing list #18(Checking car details)  Time elapsed: 0.006 sec  <<< ERROR!
java.io.FileNotFoundException: input\*.txt (The filename, directory name, or volume label syntax is incorrect)
	at java.base/java.io.FileInputStream.open0(Native Method)
	at java.base/java.io.FileInputStream.open(FileInputStream.java:211)
	at java.base/java.io.FileInputStream.<init>(FileInputStream.java:153)
	at java.base/java.io.FileInputStream.<init>(FileInputStream.java:108)
	at java.base/java.io.FileReader.<init>(FileReader.java:60)
	at com.example.testing_exercise.StepDefinitions.readFile(StepDefinitions.java:51)
	at com.example.testing_exercise.StepDefinitions.setUpAll(StepDefinitions.java:34)

User checks car details against existing list #19(Checking car details)  Time elapsed: 0.009 sec  <<< ERROR!
java.io.FileNotFoundException: input\*.txt (The filename, directory name, or volume label syntax is incorrect)
	at java.base/java.io.FileInputStream.open0(Native Method)
	at java.base/java.io.FileInputStream.open(FileInputStream.java:211)
	at java.base/java.io.FileInputStream.<init>(FileInputStream.java:153)
	at java.base/java.io.FileInputStream.<init>(FileInputStream.java:108)
	at java.base/java.io.FileReader.<init>(FileReader.java:60)
	at com.example.testing_exercise.StepDefinitions.readFile(StepDefinitions.java:51)
	at com.example.testing_exercise.StepDefinitions.setUpAll(StepDefinitions.java:34)

User checks car details against existing list #20(Checking car details)  Time elapsed: 0.003 sec  <<< ERROR!
java.io.FileNotFoundException: input\*.txt (The filename, directory name, or volume label syntax is incorrect)
	at java.base/java.io.FileInputStream.open0(Native Method)
	at java.base/java.io.FileInputStream.open(FileInputStream.java:211)
	at java.base/java.io.FileInputStream.<init>(FileInputStream.java:153)
	at java.base/java.io.FileInputStream.<init>(FileInputStream.java:108)
	at java.base/java.io.FileReader.<init>(FileReader.java:60)
	at com.example.testing_exercise.StepDefinitions.readFile(StepDefinitions.java:51)
	at com.example.testing_exercise.StepDefinitions.setUpAll(StepDefinitions.java:34)

