<?xml version="1.0" encoding="UTF-8" ?>
<testsuite tests="8" failures="5" name="com.example.testing_exercise.RunCucumberTest" time="19.928" errors="0" skipped="0">
  <properties>
[...]
</properties>
  <testcase classname="Checking car details" name="User goes to cartaxcheck.co.uk to check car details #1" time="2.693"/>
  <testcase classname="Checking car details" name="User goes to cartaxcheck.co.uk to check car details #2" time="5.754">
    <failure message="Element should not be empty: attribute value=&quot;&quot; and exact text &apos;&apos; {By.xpath: /html/body/div/div/div[2]/div[4]/div[1]/div/span/div[2]/dl[2]/dd}
Element: &apos;&lt;dd class=&quot;jsx-3496807389&quot;&gt;&lt;/dd&gt;&apos;
Screenshot: file:/C:/Users/simon/IdeaProjects/testing-exercise/build/reports/tests/1619793733014.0.png
Page source: file:/C:/Users/simon/IdeaProjects/testing-exercise/build/reports/tests/1619793733014.0.html
Timeout: 5 s." type="Element should not be empty">Element should not be empty: attribute value=&quot;&quot; and exact text &apos;&apos; {By.xpath: /html/body/div/div/div[2]/div[4]/div[1]/div/span/div[2]/dl[2]/dd}
Element: &apos;&lt;dd class=&quot;jsx-3496807389&quot;&gt;&lt;/dd&gt;&apos;
Screenshot: file:/C:/Users/simon/IdeaProjects/testing-exercise/build/reports/tests/1619793733014.0.png
Page source: file:/C:/Users/simon/IdeaProjects/testing-exercise/build/reports/tests/1619793733014.0.html
Timeout: 5 s.
	at com.codeborne.selenide.impl.WebElementSource.checkCondition(WebElementSource.java:118)
	at com.codeborne.selenide.commands.ShouldNot.execute(ShouldNot.java:30)
	at com.codeborne.selenide.commands.ShouldNot.execute(ShouldNot.java:14)
	at com.codeborne.selenide.commands.Commands.execute(Commands.java:155)
	at com.codeborne.selenide.impl.SelenideElementProxy.dispatchAndRetry(SelenideElementProxy.java:128)
	at com.codeborne.selenide.impl.SelenideElementProxy.invoke(SelenideElementProxy.java:80)
	at jdk.proxy2/jdk.proxy2.$Proxy15.shouldNotBe(Unknown Source)
	at com.example.testing_exercise.StepDefinitions.userGoesToTheWebsiteAndUsesCarIndex(StepDefinitions.java:80)
	at ✽.user goes to the website and uses car 1(classpath:com/example/testing_exercise/car.feature:4)
</failure>
    <system-out>
Scenario Template: User goes to cartaxcheck.co.uk to check car details &amp;#27;[90m# com/example/testing_exercise/car.feature:10&amp;#27;[0m
  &amp;#27;[31mWhen &amp;#27;[0m&amp;#27;[31muser goes to the website and uses car &amp;#27;[0m&amp;#27;[31m&amp;#27;[1m1&amp;#27;[0m                         &amp;#27;[90m# com.example.testing_exercise.StepDefinitions.userGoesToTheWebsiteAndUsesCarIndex(int)&amp;#27;[0m
      &amp;#27;[31mElement should not be empty: attribute value=&quot;&quot; and exact text &apos;&apos; {By.xpath: /html/body/div/div/div[2]/div[4]/div[1]/div/span/div[2]/dl[2]/dd}
Element: &apos;&lt;dd class=&quot;jsx-3496807389&quot;&gt;&lt;/dd&gt;&apos;
Screenshot: file:/C:/Users/simon/IdeaProjects/testing-exercise/build/reports/tests/1619793733014.0.png
Page source: file:/C:/Users/simon/IdeaProjects/testing-exercise/build/reports/tests/1619793733014.0.html
Timeout: 5 s.
	at com.codeborne.selenide.impl.WebElementSource.checkCondition(WebElementSource.java:118)
	at com.codeborne.selenide.commands.ShouldNot.execute(ShouldNot.java:30)
	at com.codeborne.selenide.commands.ShouldNot.execute(ShouldNot.java:14)
	at com.codeborne.selenide.commands.Commands.execute(Commands.java:155)
	at com.codeborne.selenide.impl.SelenideElementProxy.dispatchAndRetry(SelenideElementProxy.java:128)
	at com.codeborne.selenide.impl.SelenideElementProxy.invoke(SelenideElementProxy.java:80)
	at jdk.proxy2/jdk.proxy2.$Proxy15.shouldNotBe(Unknown Source)
	at com.example.testing_exercise.StepDefinitions.userGoesToTheWebsiteAndUsesCarIndex(StepDefinitions.java:80)
	at âœ½.user goes to the website and uses car 1(classpath:com/example/testing_exercise/car.feature:4)
&amp;#27;[0m
  &amp;#27;[36mThen &amp;#27;[0m&amp;#27;[36muser checks if the car &amp;#27;[0m&amp;#27;[36m&amp;#27;[1m1&amp;#27;[0m&amp;#27;[36m exists in the list&amp;#27;[0m                     &amp;#27;[90m# com.example.testing_exercise.StepDefinitions.userChecksIfTheCarIndexExistsInTheList(int)&amp;#27;[0m
</system-out>
  </testcase>
  <testcase classname="Checking car details" name="User goes to cartaxcheck.co.uk to check car details #3" time="0.839"/>
  <testcase classname="Checking car details" name="User goes to cartaxcheck.co.uk to check car details #4" time="0.785"/>
  <testcase classname="Checking car details" name="User compares car from input to output at the same index #1" time="0.598">
    <failure message="expected: &lt;true&gt; but was: &lt;false&gt;" type="org.opentest4j.AssertionFailedError">org.opentest4j.AssertionFailedError: expected: &lt;true&gt; but was: &lt;false&gt;
	at org.junit.jupiter.api.AssertionUtils.fail(AssertionUtils.java:55)
	at org.junit.jupiter.api.AssertTrue.assertTrue(AssertTrue.java:40)
	at org.junit.jupiter.api.AssertTrue.assertTrue(AssertTrue.java:35)
	at org.junit.jupiter.api.Assertions.assertTrue(Assertions.java:163)
	at com.example.testing_exercise.StepDefinitions.userChecksIfTheCarIndexIsTheSameInInputAndOutput(StepDefinitions.java:98)
	at ✽.user checks if the car 0 is the same in input and output(classpath:com/example/testing_exercise/car.feature:16)
</failure>
    <system-out>
Scenario Template: User compares car from input to output at the same index &amp;#27;[90m# com/example/testing_exercise/car.feature:20&amp;#27;[0m
BMW
  &amp;#27;[32mWhen &amp;#27;[0m&amp;#27;[32muser goes to the website and uses car &amp;#27;[0m&amp;#27;[32m&amp;#27;[1m0&amp;#27;[0m                              &amp;#27;[90m# com.example.testing_exercise.StepDefinitions.userGoesToTheWebsiteAndUsesCarIndex(int)&amp;#27;[0m
  &amp;#27;[31mThen &amp;#27;[0m&amp;#27;[31muser checks if the car &amp;#27;[0m&amp;#27;[31m&amp;#27;[1m0&amp;#27;[0m&amp;#27;[31m is the same in input and output&amp;#27;[0m             &amp;#27;[90m# com.example.testing_exercise.StepDefinitions.userChecksIfTheCarIndexIsTheSameInInputAndOutput(int)&amp;#27;[0m
      &amp;#27;[31morg.opentest4j.AssertionFailedError: expected: &lt;true&gt; but was: &lt;false&gt;
	at org.junit.jupiter.api.AssertionUtils.fail(AssertionUtils.java:55)
	at org.junit.jupiter.api.AssertTrue.assertTrue(AssertTrue.java:40)
	at org.junit.jupiter.api.AssertTrue.assertTrue(AssertTrue.java:35)
	at org.junit.jupiter.api.Assertions.assertTrue(Assertions.java:163)
	at com.example.testing_exercise.StepDefinitions.userChecksIfTheCarIndexIsTheSameInInputAndOutput(StepDefinitions.java:98)
	at âœ½.user checks if the car 0 is the same in input and output(classpath:com/example/testing_exercise/car.feature:16)
&amp;#27;[0m
</system-out>
  </testcase>
  <testcase classname="Checking car details" name="User compares car from input to output at the same index #2" time="5.735">
    <failure message="Element should not be empty: attribute value=&quot;&quot; and exact text &apos;&apos; {By.xpath: /html/body/div/div/div[2]/div[4]/div[1]/div/span/div[2]/dl[2]/dd}
Element: &apos;&lt;dd class=&quot;jsx-3496807389&quot;&gt;&lt;/dd&gt;&apos;
Screenshot: file:/C:/Users/simon/IdeaProjects/testing-exercise/build/reports/tests/1619793740936.1.png
Page source: file:/C:/Users/simon/IdeaProjects/testing-exercise/build/reports/tests/1619793740936.1.html
Timeout: 5 s." type="Element should not be empty">Element should not be empty: attribute value=&quot;&quot; and exact text &apos;&apos; {By.xpath: /html/body/div/div/div[2]/div[4]/div[1]/div/span/div[2]/dl[2]/dd}
Element: &apos;&lt;dd class=&quot;jsx-3496807389&quot;&gt;&lt;/dd&gt;&apos;
Screenshot: file:/C:/Users/simon/IdeaProjects/testing-exercise/build/reports/tests/1619793740936.1.png
Page source: file:/C:/Users/simon/IdeaProjects/testing-exercise/build/reports/tests/1619793740936.1.html
Timeout: 5 s.
	at com.codeborne.selenide.impl.WebElementSource.checkCondition(WebElementSource.java:118)
	at com.codeborne.selenide.commands.ShouldNot.execute(ShouldNot.java:30)
	at com.codeborne.selenide.commands.ShouldNot.execute(ShouldNot.java:14)
	at com.codeborne.selenide.commands.Commands.execute(Commands.java:155)
	at com.codeborne.selenide.impl.SelenideElementProxy.dispatchAndRetry(SelenideElementProxy.java:128)
	at com.codeborne.selenide.impl.SelenideElementProxy.invoke(SelenideElementProxy.java:80)
	at jdk.proxy2/jdk.proxy2.$Proxy15.shouldNotBe(Unknown Source)
	at com.example.testing_exercise.StepDefinitions.userGoesToTheWebsiteAndUsesCarIndex(StepDefinitions.java:80)
	at ✽.user goes to the website and uses car 1(classpath:com/example/testing_exercise/car.feature:15)
</failure>
    <system-out>
Scenario Template: User compares car from input to output at the same index &amp;#27;[90m# com/example/testing_exercise/car.feature:21&amp;#27;[0m
  &amp;#27;[31mWhen &amp;#27;[0m&amp;#27;[31muser goes to the website and uses car &amp;#27;[0m&amp;#27;[31m&amp;#27;[1m1&amp;#27;[0m                              &amp;#27;[90m# com.example.testing_exercise.StepDefinitions.userGoesToTheWebsiteAndUsesCarIndex(int)&amp;#27;[0m
      &amp;#27;[31mElement should not be empty: attribute value=&quot;&quot; and exact text &apos;&apos; {By.xpath: /html/body/div/div/div[2]/div[4]/div[1]/div/span/div[2]/dl[2]/dd}
Element: &apos;&lt;dd class=&quot;jsx-3496807389&quot;&gt;&lt;/dd&gt;&apos;
Screenshot: file:/C:/Users/simon/IdeaProjects/testing-exercise/build/reports/tests/1619793740936.1.png
Page source: file:/C:/Users/simon/IdeaProjects/testing-exercise/build/reports/tests/1619793740936.1.html
Timeout: 5 s.
	at com.codeborne.selenide.impl.WebElementSource.checkCondition(WebElementSource.java:118)
	at com.codeborne.selenide.commands.ShouldNot.execute(ShouldNot.java:30)
	at com.codeborne.selenide.commands.ShouldNot.execute(ShouldNot.java:14)
	at com.codeborne.selenide.commands.Commands.execute(Commands.java:155)
	at com.codeborne.selenide.impl.SelenideElementProxy.dispatchAndRetry(SelenideElementProxy.java:128)
	at com.codeborne.selenide.impl.SelenideElementProxy.invoke(SelenideElementProxy.java:80)
	at jdk.proxy2/jdk.proxy2.$Proxy15.shouldNotBe(Unknown Source)
	at com.example.testing_exercise.StepDefinitions.userGoesToTheWebsiteAndUsesCarIndex(StepDefinitions.java:80)
	at âœ½.user goes to the website and uses car 1(classpath:com/example/testing_exercise/car.feature:15)
&amp;#27;[0m
  &amp;#27;[36mThen &amp;#27;[0m&amp;#27;[36muser checks if the car &amp;#27;[0m&amp;#27;[36m&amp;#27;[1m1&amp;#27;[0m&amp;#27;[36m is the same in input and output&amp;#27;[0m             &amp;#27;[90m# com.example.testing_exercise.StepDefinitions.userChecksIfTheCarIndexIsTheSameInInputAndOutput(int)&amp;#27;[0m
</system-out>
  </testcase>
  <testcase classname="Checking car details" name="User compares car from input to output at the same index #3" time="0.757">
    <failure message="expected: &lt;true&gt; but was: &lt;false&gt;" type="org.opentest4j.AssertionFailedError">org.opentest4j.AssertionFailedError: expected: &lt;true&gt; but was: &lt;false&gt;
	at org.junit.jupiter.api.AssertionUtils.fail(AssertionUtils.java:55)
	at org.junit.jupiter.api.AssertTrue.assertTrue(AssertTrue.java:40)
	at org.junit.jupiter.api.AssertTrue.assertTrue(AssertTrue.java:35)
	at org.junit.jupiter.api.Assertions.assertTrue(Assertions.java:163)
	at com.example.testing_exercise.StepDefinitions.userChecksIfTheCarIndexIsTheSameInInputAndOutput(StepDefinitions.java:98)
	at ✽.user checks if the car 2 is the same in input and output(classpath:com/example/testing_exercise/car.feature:16)
</failure>
    <system-out>
Scenario Template: User compares car from input to output at the same index &amp;#27;[90m# com/example/testing_exercise/car.feature:22&amp;#27;[0m
Skoda
  &amp;#27;[32mWhen &amp;#27;[0m&amp;#27;[32muser goes to the website and uses car &amp;#27;[0m&amp;#27;[32m&amp;#27;[1m2&amp;#27;[0m                              &amp;#27;[90m# com.example.testing_exercise.StepDefinitions.userGoesToTheWebsiteAndUsesCarIndex(int)&amp;#27;[0m
  &amp;#27;[31mThen &amp;#27;[0m&amp;#27;[31muser checks if the car &amp;#27;[0m&amp;#27;[31m&amp;#27;[1m2&amp;#27;[0m&amp;#27;[31m is the same in input and output&amp;#27;[0m             &amp;#27;[90m# com.example.testing_exercise.StepDefinitions.userChecksIfTheCarIndexIsTheSameInInputAndOutput(int)&amp;#27;[0m
      &amp;#27;[31morg.opentest4j.AssertionFailedError: expected: &lt;true&gt; but was: &lt;false&gt;
	at org.junit.jupiter.api.AssertionUtils.fail(AssertionUtils.java:55)
	at org.junit.jupiter.api.AssertTrue.assertTrue(AssertTrue.java:40)
	at org.junit.jupiter.api.AssertTrue.assertTrue(AssertTrue.java:35)
	at org.junit.jupiter.api.Assertions.assertTrue(Assertions.java:163)
	at com.example.testing_exercise.StepDefinitions.userChecksIfTheCarIndexIsTheSameInInputAndOutput(StepDefinitions.java:98)
	at âœ½.user checks if the car 2 is the same in input and output(classpath:com/example/testing_exercise/car.feature:16)
&amp;#27;[0m
</system-out>
  </testcase>
  <testcase classname="Checking car details" name="User compares car from input to output at the same index #4" time="2.767">
    <failure message="expected: &lt;true&gt; but was: &lt;false&gt;" type="org.opentest4j.AssertionFailedError">org.opentest4j.AssertionFailedError: expected: &lt;true&gt; but was: &lt;false&gt;
	at org.junit.jupiter.api.AssertionUtils.fail(AssertionUtils.java:55)
	at org.junit.jupiter.api.AssertTrue.assertTrue(AssertTrue.java:40)
	at org.junit.jupiter.api.AssertTrue.assertTrue(AssertTrue.java:35)
	at org.junit.jupiter.api.Assertions.assertTrue(Assertions.java:163)
	at com.example.testing_exercise.StepDefinitions.userChecksIfTheCarIndexIsTheSameInInputAndOutput(StepDefinitions.java:98)
	at ✽.user checks if the car 3 is the same in input and output(classpath:com/example/testing_exercise/car.feature:16)
</failure>
    <system-out>
Scenario Template: User compares car from input to output at the same index &amp;#27;[90m# com/example/testing_exercise/car.feature:23&amp;#27;[0m
Volkswagen
  &amp;#27;[32mWhen &amp;#27;[0m&amp;#27;[32muser goes to the website and uses car &amp;#27;[0m&amp;#27;[32m&amp;#27;[1m3&amp;#27;[0m                              &amp;#27;[90m# com.example.testing_exercise.StepDefinitions.userGoesToTheWebsiteAndUsesCarIndex(int)&amp;#27;[0m
  &amp;#27;[31mThen &amp;#27;[0m&amp;#27;[31muser checks if the car &amp;#27;[0m&amp;#27;[31m&amp;#27;[1m3&amp;#27;[0m&amp;#27;[31m is the same in input and output&amp;#27;[0m             &amp;#27;[90m# com.example.testing_exercise.StepDefinitions.userChecksIfTheCarIndexIsTheSameInInputAndOutput(int)&amp;#27;[0m
      &amp;#27;[31morg.opentest4j.AssertionFailedError: expected: &lt;true&gt; but was: &lt;false&gt;
	at org.junit.jupiter.api.AssertionUtils.fail(AssertionUtils.java:55)
	at org.junit.jupiter.api.AssertTrue.assertTrue(AssertTrue.java:40)
	at org.junit.jupiter.api.AssertTrue.assertTrue(AssertTrue.java:35)
	at org.junit.jupiter.api.Assertions.assertTrue(Assertions.java:163)
	at com.example.testing_exercise.StepDefinitions.userChecksIfTheCarIndexIsTheSameInInputAndOutput(StepDefinitions.java:98)
	at âœ½.user checks if the car 3 is the same in input and output(classpath:com/example/testing_exercise/car.feature:16)
&amp;#27;[0m
</system-out>
  </testcase>
</testsuite>